This file contains any messages produced by compilers while
running configure, to aid debugging if configure makes a mistake.

It was created by doxymacs configure 1.8.0, which was
generated by GNU Autoconf 2.61.  Invocation command line was

  $ ./configure 

## --------- ##
## Platform. ##
## --------- ##

hostname = aia375.aia.rwth-aachen.de
uname -m = x86_64
uname -r = 12.2.1
uname -s = Darwin
uname -v = Darwin Kernel Version 12.2.1: Thu Oct 18 12:13:47 PDT 2012; root:xnu-2050.20.9~1/RELEASE_X86_64

/usr/bin/uname -p = i386
/bin/uname -X     = unknown

/bin/arch              = unknown
/usr/bin/arch -k       = unknown
/usr/convex/getsysinfo = unknown
/usr/bin/hostinfo      = Mach kernel version:
	 Darwin Kernel Version 12.2.1: Thu Oct 18 12:13:47 PDT 2012; root:xnu-2050.20.9~1/RELEASE_X86_64
Kernel configured for up to 4 processors.
2 processors are physically available.
4 processors are logically available.
Processor type: i486 (Intel 80486)
Processors active: 0 1 2 3
Primary memory available: 8.00 gigabytes
Default processor set: 128 tasks, 563 threads, 4 processors
Load average: 0.52, Mach factor: 3.47
/bin/machine           = unknown
/usr/bin/oslevel       = unknown
/bin/universe          = unknown

PATH: /usr/local/bin
PATH: /usr/local/sbin
PATH: /usr/bin
PATH: /bin
PATH: /usr/sbin
PATH: /sbin
PATH: /usr/texbin


## ----------- ##
## Core tests. ##
## ----------- ##

configure:1772: checking for a BSD-compatible install
configure:1828: result: /usr/bin/install -c
configure:1839: checking whether build environment is sane
configure:1882: result: yes
configure:1947: checking for gawk
configure:1977: result: no
configure:1947: checking for mawk
configure:1977: result: no
configure:1947: checking for nawk
configure:1977: result: no
configure:1947: checking for awk
configure:1963: found /usr/bin/awk
configure:1974: result: awk
configure:1985: checking whether make sets $(MAKE)
configure:2006: result: yes
configure:2241: checking for gcc
configure:2268: result: clang
configure:2506: checking for C compiler version
configure:2513: clang --version >&5
Apple clang version 4.1 (tags/Apple/clang-421.11.66) (based on LLVM 3.1svn)
Target: x86_64-apple-darwin12.2.1
Thread model: posix
configure:2516: $? = 0
configure:2523: clang -v >&5
Apple clang version 4.1 (tags/Apple/clang-421.11.66) (based on LLVM 3.1svn)
Target: x86_64-apple-darwin12.2.1
Thread model: posix
configure:2526: $? = 0
configure:2533: clang -V >&5
clang: error: argument to '-V' is missing (expected 1 value)
clang: error: no input files
configure:2536: $? = 1
configure:2559: checking for C compiler default output file name
configure:2586: clang    conftest.c  >&5
configure:2589: $? = 0
configure:2627: result: a.out
configure:2644: checking whether the C compiler works
configure:2654: ./a.out
configure:2657: $? = 0
configure:2674: result: yes
configure:2681: checking whether we are cross compiling
configure:2683: result: no
configure:2686: checking for suffix of executables
configure:2693: clang -o conftest    conftest.c  >&5
configure:2696: $? = 0
configure:2720: result: 
configure:2726: checking for suffix of object files
configure:2752: clang -c   conftest.c >&5
configure:2755: $? = 0
configure:2778: result: o
configure:2782: checking whether we are using the GNU C compiler
configure:2811: clang -c   conftest.c >&5
configure:2817: $? = 0
configure:2834: result: yes
configure:2839: checking whether clang accepts -g
configure:2869: clang -c -g  conftest.c >&5
configure:2875: $? = 0
configure:2974: result: yes
configure:2991: checking for clang option to accept ISO C89
configure:3065: clang  -c -g -O2  conftest.c >&5
configure:3071: $? = 0
configure:3094: result: none needed
configure:3123: checking for style of include used by make
configure:3151: result: GNU
configure:3179: checking dependency style of clang
configure:3269: result: gcc3
configure:3299: checking for a BSD-compatible install
configure:3355: result: /usr/bin/install -c
configure:3373: checking for emacs
configure:3389: found /usr/bin/emacs
configure:3400: result: emacs
configure:3424: checking where .elc files should go
configure:3437: $EMACS -batch -q -eval '(while load-path (princ (concat (car load-path) "
")) (setq load-path (cdr load-path)))' </dev/null >conftest.out
configure:3440: $? = 0
configure:3453: result: ${datadir}/emacs/site-lisp
configure:3503: checking for xml2-config
configure:3521: found /usr/bin/xml2-config
configure:3534: result: /usr/bin/xml2-config
configure:3543: checking for libxml - version >= 2.6.13
configure:3655: clang -o conftest -g -O2  -I/usr/include/libxml2  conftest.c -lxml2  >&5
configure:3658: $? = 0
configure:3664: ./conftest
configure:3667: $? = 0
configure:3688: result: yes (version 2.7.8)
configure:3782: checking how to run the C preprocessor
configure:3822: clang -E  conftest.c
configure:3828: $? = 0
configure:3859: clang -E  conftest.c
conftest.c:10:10: fatal error: 'ac_nonexistent.h' file not found
#include <ac_nonexistent.h>
         ^
1 error generated.
configure:3865: $? = 1
configure: failed program was:
| /* confdefs.h.  */
| #define PACKAGE_NAME "doxymacs"
| #define PACKAGE_TARNAME "doxymacs"
| #define PACKAGE_VERSION "1.8.0"
| #define PACKAGE_STRING "doxymacs 1.8.0"
| #define PACKAGE_BUGREPORT "http://sourceforge.net/projects/doxymacs"
| #define PACKAGE "doxymacs"
| #define VERSION "1.8.0"
| /* end confdefs.h.  */
| #include <ac_nonexistent.h>
configure:3898: result: clang -E
configure:3927: clang -E  conftest.c
configure:3933: $? = 0
configure:3964: clang -E  conftest.c
conftest.c:10:10: fatal error: 'ac_nonexistent.h' file not found
#include <ac_nonexistent.h>
         ^
1 error generated.
configure:3970: $? = 1
configure: failed program was:
| /* confdefs.h.  */
| #define PACKAGE_NAME "doxymacs"
| #define PACKAGE_TARNAME "doxymacs"
| #define PACKAGE_VERSION "1.8.0"
| #define PACKAGE_STRING "doxymacs 1.8.0"
| #define PACKAGE_BUGREPORT "http://sourceforge.net/projects/doxymacs"
| #define PACKAGE "doxymacs"
| #define VERSION "1.8.0"
| /* end confdefs.h.  */
| #include <ac_nonexistent.h>
configure:4008: checking for grep that handles long lines and -e
configure:4082: result: /usr/bin/grep
configure:4087: checking for egrep
configure:4165: result: /usr/bin/grep -E
configure:4170: checking for ANSI C header files
configure:4200: clang -c -g -O2  conftest.c >&5
configure:4206: $? = 0
configure:4305: clang -o conftest -g -O2   conftest.c  >&5
configure:4308: $? = 0
configure:4314: ./conftest
configure:4317: $? = 0
configure:4334: result: yes
configure:4345: checking for an ANSI C-conforming const
configure:4420: clang -c -g -O2  conftest.c >&5
configure:4426: $? = 0
configure:4441: result: yes
configure:4456: checking for strdup
configure:4512: clang -o conftest -g -O2   conftest.c  >&5
conftest.c:34:6: warning: incompatible redeclaration of library function 'strdup'
char strdup ();
     ^
conftest.c:34:6: note: 'strdup' is a builtin with type 'char *(const char *)'
1 warning generated.
configure:4518: $? = 0
configure:4536: result: yes
configure:4723: creating ./config.status

## ---------------------- ##
## Running config.status. ##
## ---------------------- ##

This file was extended by doxymacs config.status 1.8.0, which was
generated by GNU Autoconf 2.61.  Invocation command line was

  CONFIG_FILES    = 
  CONFIG_HEADERS  = 
  CONFIG_LINKS    = 
  CONFIG_COMMANDS = 
  $ ./config.status 

on aia375.aia.rwth-aachen.de

config.status:629: creating Makefile
config.status:629: creating c/Makefile
config.status:629: creating lisp/Makefile
config.status:629: creating lisp/doxymacs.el
config.status:629: creating no-autoconf/Makefile
config.status:814: executing depfiles commands

## ---------------- ##
## Cache variables. ##
## ---------------- ##

ac_cv_c_compiler_gnu=yes
ac_cv_c_const=yes
ac_cv_env_CC_set=set
ac_cv_env_CC_value=clang
ac_cv_env_CFLAGS_set=
ac_cv_env_CFLAGS_value=
ac_cv_env_CPPFLAGS_set=
ac_cv_env_CPPFLAGS_value=
ac_cv_env_CPP_set=
ac_cv_env_CPP_value=
ac_cv_env_EMACSLOADPATH_set=
ac_cv_env_EMACSLOADPATH_value=
ac_cv_env_EMACS_set=
ac_cv_env_EMACS_value=
ac_cv_env_LDFLAGS_set=
ac_cv_env_LDFLAGS_value=
ac_cv_env_LIBS_set=
ac_cv_env_LIBS_value=
ac_cv_env_build_alias_set=
ac_cv_env_build_alias_value=
ac_cv_env_host_alias_set=
ac_cv_env_host_alias_value=
ac_cv_env_target_alias_set=
ac_cv_env_target_alias_value=
ac_cv_func_strdup=yes
ac_cv_header_stdc=yes
ac_cv_objext=o
ac_cv_path_EGREP='/usr/bin/grep -E'
ac_cv_path_GREP=/usr/bin/grep
ac_cv_path_XML2_CONFIG=/usr/bin/xml2-config
ac_cv_path_install='/usr/bin/install -c'
ac_cv_prog_AWK=awk
ac_cv_prog_CPP='clang -E'
ac_cv_prog_EMACS=emacs
ac_cv_prog_ac_ct_CC=clang
ac_cv_prog_cc_c89=
ac_cv_prog_cc_g=yes
ac_cv_prog_make_make_set=yes
am_cv_CC_dependencies_compiler_type=gcc3
am_cv_lispdir='${datadir}/emacs/site-lisp'

## ----------------- ##
## Output variables. ##
## ----------------- ##

ACLOCAL='${SHELL} /Users/gnzlbg/projects/config/emacs/emacs.d/doxymacs-1.8.0/missing --run aclocal-1.9'
AMDEPBACKSLASH='\'
AMDEP_FALSE='#'
AMDEP_TRUE=''
AMTAR='${SHELL} /Users/gnzlbg/projects/config/emacs/emacs.d/doxymacs-1.8.0/missing --run tar'
AUTOCONF='${SHELL} /Users/gnzlbg/projects/config/emacs/emacs.d/doxymacs-1.8.0/missing --run autoconf'
AUTOHEADER='${SHELL} /Users/gnzlbg/projects/config/emacs/emacs.d/doxymacs-1.8.0/missing --run autoheader'
AUTOMAKE='${SHELL} /Users/gnzlbg/projects/config/emacs/emacs.d/doxymacs-1.8.0/missing --run automake-1.9'
AWK='awk'
CC='clang'
CCDEPMODE='depmode=gcc3'
CFLAGS='-g -O2'
CPP='clang -E'
CPPFLAGS=''
CYGPATH_W='echo'
DEFS='-DPACKAGE_NAME=\"doxymacs\" -DPACKAGE_TARNAME=\"doxymacs\" -DPACKAGE_VERSION=\"1.8.0\" -DPACKAGE_STRING=\"doxymacs\ 1.8.0\" -DPACKAGE_BUGREPORT=\"http://sourceforge.net/projects/doxymacs\" -DPACKAGE=\"doxymacs\" -DVERSION=\"1.8.0\" -DSTDC_HEADERS=1 -DHAVE_STRDUP=1'
DEPDIR='.deps'
DOXYMACS_DEFAULT_STYLE='JavaDoc'
DOXYMACS_PARSER='/Users/gnzlbg/bin/doxymacs_parser'
DOXYMACS_USE_EXTERNAL_XML_PARSER='nil'
ECHO_C='ECHO_N=''
ECHO_T=''
EGREP='/usr/bin/grep -E'
EMACS='emacs'
EMACSLOADPATH=''
EXEEXT=''
GREP='/usr/bin/grep'
INSTALL_DATA='${INSTALL} -m 644'
INSTALL_PROGRAM='${INSTALL}'
INSTALL_SCRIPT='${INSTALL}'
INSTALL_STRIP_PROGRAM='${SHELL} $(install_sh) -c -s'
LDFLAGS=''
LIBOBJS=''
LIBS=''
LTLIBOBJS=''
MAKEINFO='${SHELL} /Users/gnzlbg/projects/config/emacs/emacs.d/doxymacs-1.8.0/missing --run makeinfo'
OBJEXT='o'
PACKAGE='doxymacs'
PACKAGE_BUGREPORT='http://sourceforge.net/projects/doxymacs'
PACKAGE_NAME='doxymacs'
PACKAGE_STRING='doxymacs 1.8.0'
PACKAGE_TARNAME='doxymacs'
PACKAGE_VERSION='1.8.0'
PATH_SEPARATOR=':'
SET_MAKE=''
SHELL='/bin/sh'
STRIP=''
VERSION='1.8.0'
XML2_CONFIG='/usr/bin/xml2-config'
XML_CPPFLAGS='-I/usr/include/libxml2'
XML_LIBS='-lxml2'
ac_ct_CC='clang'
am__fastdepCC_FALSE='#'
am__fastdepCC_TRUE=''
am__include='include'
am__leading_dot='.'
am__quote=''
am__tar='${AMTAR} chof - "$$tardir"'
am__untar='${AMTAR} xf -'
bindir='${exec_prefix}/bin'
build_alias=''
datadir='${datarootdir}'
datarootdir='${prefix}/share'
docdir='${datarootdir}/doc/${PACKAGE_TARNAME}'
dvidir='${docdir}'
exec_prefix='${prefix}'
host_alias=''
htmldir='${docdir}'
includedir='${prefix}/include'
infodir='${datarootdir}/info'
install_sh='/Users/gnzlbg/projects/config/emacs/emacs.d/doxymacs-1.8.0/install-sh'
libdir='${exec_prefix}/lib'
libexecdir='${exec_prefix}/libexec'
lispdir='${datadir}/emacs/site-lisp'
localedir='${datarootdir}/locale'
localstatedir='${prefix}/var'
mandir='${datarootdir}/man'
mkdir_p='$(install_sh) -d'
oldincludedir='/usr/include'
pdfdir='${docdir}'
prefix='/Users/gnzlbg'
program_transform_name='s,x,x,'
psdir='${docdir}'
sbindir='${exec_prefix}/sbin'
sharedstatedir='${prefix}/com'
sysconfdir='${prefix}/etc'
target_alias=''

## ----------- ##
## confdefs.h. ##
## ----------- ##

#define PACKAGE_NAME "doxymacs"
#define PACKAGE_TARNAME "doxymacs"
#define PACKAGE_VERSION "1.8.0"
#define PACKAGE_STRING "doxymacs 1.8.0"
#define PACKAGE_BUGREPORT "http://sourceforge.net/projects/doxymacs"
#define PACKAGE "doxymacs"
#define VERSION "1.8.0"
#define STDC_HEADERS 1
#define HAVE_STRDUP 1

configure: exit 0
